2024-03-20 11:37:57,921 - INFO - Making POST request to https://www.eatthismuch.com/api/v1//nutritionprofile/?HTTP_BACKEND_VERSION=15 with body: {'cholesterol': 300, 'fiber': 25, 'macro_scheme': 'grams', 'percent_carbs': 40, 'percent_fats': 30, 'percent_proteins': 30, 'sodium': 2400, 'title': 'valid_daily_intake', 'calories': 2200, 'min_carbs': 220, 'min_fats': 66, 'min_proteins': 107, 'max_carbs': 250, 'max_fats': 90, 'max_proteins': 200, 'capped_min_calories': False}
2024-03-20 11:38:06,981 - INFO - Making POST request to https://www.eatthismuch.com/api/v1//nutritionprofile/?HTTP_BACKEND_VERSION=15 with body: {'cholesterol': 300, 'fiber': 25, 'macro_scheme': 'grams', 'percent_carbs': 40, 'percent_fats': 30, 'percent_proteins': 30, 'sodium': 2400, 'title': 'valid_daily_intake', 'calories': 2200, 'min_carbs': 220, 'min_fats': 66, 'min_proteins': 107, 'max_carbs': 250, 'max_fats': 90, 'max_proteins': 200, 'capped_min_calories': False}
2024-03-20 11:40:24,405 - INFO - Making POST request to https://www.eatthismuch.com/api/v1//nutritionprofile/?HTTP_BACKEND_VERSION=15 with body: {'cholesterol': 300, 'fiber': 25, 'macro_scheme': 'grams', 'percent_carbs': 40, 'percent_fats': 30, 'percent_proteins': 30, 'sodium': 2400, 'title': 'valid_daily_intake', 'calories': 2200, 'min_carbs': 220, 'min_fats': 66, 'min_proteins': 107, 'max_carbs': 250, 'max_fats': 90, 'max_proteins': 200, 'capped_min_calories': False}
2024-03-20 11:40:25,274 - INFO - Received response: 201
2024-03-20 11:40:35,962 - INFO - Making POST request to https://www.eatthismuch.com/api/v1//nutritionprofile/?HTTP_BACKEND_VERSION=15 with body: {'cholesterol': 300, 'fiber': 25, 'macro_scheme': 'grams', 'percent_carbs': 40, 'percent_fats': 30, 'percent_proteins': 30, 'sodium': 2400, 'title': 'valid_daily_intake', 'calories': 2200, 'min_carbs': 220, 'min_fats': 66, 'min_proteins': 107, 'max_carbs': 250, 'max_fats': 90, 'max_proteins': 200, 'capped_min_calories': False}
2024-03-20 11:40:36,621 - INFO - Received response: 200
2024-03-20 11:41:41,218 - INFO - Making POST request to https://www.eatthismuch.com/api/v1//nutritionprofile/?HTTP_BACKEND_VERSION=15 with body: {'cholesterol': 300, 'fiber': 25, 'macro_scheme': 'grams', 'percent_carbs': 40, 'percent_fats': 30, 'percent_proteins': 30, 'sodium': 2400, 'title': 'valid_daily_intake', 'calories': 2200, 'min_carbs': 220, 'min_fats': 66, 'min_proteins': 107, 'max_carbs': 250, 'max_fats': 90, 'max_proteins': 200, 'capped_min_calories': False}
2024-03-20 11:41:41,786 - INFO - Received response: 200
2024-03-20 11:41:51,776 - INFO - Making POST request to https://www.eatthismuch.com/api/v1//nutritionprofile/?HTTP_BACKEND_VERSION=15 with body: {'cholesterol': 300, 'fiber': 25, 'macro_scheme': 'grams', 'percent_carbs': 40, 'percent_fats': 30, 'percent_proteins': 30, 'sodium': 2400, 'title': 'valid_daily_intake', 'calories': 2200, 'min_carbs': 220, 'min_fats': 66, 'min_proteins': 107, 'max_carbs': 250, 'max_fats': 90, 'max_proteins': 200, 'capped_min_calories': False}
2024-03-20 11:41:52,347 - INFO - Received response: 200
2024-03-20 11:42:29,848 - INFO - Making POST request to https://www.eatthismuch.com/api/v1//nutritionprofile/?HTTP_BACKEND_VERSION=15 with body: {'cholesterol': 300, 'fiber': 25, 'macro_scheme': 'grams', 'percent_carbs': 40, 'percent_fats': 30, 'percent_proteins': 30, 'sodium': 2400, 'title': 'valid_daily_intake', 'calories': 2200, 'min_carbs': 220, 'min_fats': 66, 'min_proteins': 107, 'max_carbs': 250, 'max_fats': 90, 'max_proteins': 200, 'capped_min_calories': False}
2024-03-20 11:42:30,456 - INFO - Received response: 201
2024-03-20 11:43:17,364 - INFO - Making POST request to https://www.eatthismuch.com/api/v1//nutritionprofile/?HTTP_BACKEND_VERSION=15 with body: {'cholesterol': 300, 'fiber': 25, 'macro_scheme': 'grams', 'percent_carbs': 40, 'percent_fats': 30, 'percent_proteins': 30, 'sodium': 2400, 'title': 'valid_daily_intake', 'calories': 2200, 'min_carbs': 220, 'min_fats': 66, 'min_proteins': 107, 'max_carbs': 250, 'max_fats': 90, 'max_proteins': 200, 'capped_min_calories': False}
2024-03-20 11:43:17,943 - INFO - Received response: 201
2024-03-20 11:45:18,611 - INFO - Making POST request to https://www.eatthismuch.com/api/v1//nutritionprofile/?HTTP_BACKEND_VERSION=15 with body: {'cholesterol': 300, 'fiber': 25, 'macro_scheme': 'grams', 'percent_carbs': 40, 'percent_fats': 30, 'percent_proteins': 30, 'sodium': 2400, 'title': 'valid_daily_intake', 'calories': 2200, 'min_carbs': 220, 'min_fats': 66, 'min_proteins': 107, 'max_carbs': 250, 'max_fats': 90, 'max_proteins': 200, 'capped_min_calories': False}
2024-03-20 11:45:19,516 - INFO - Received response: 201
2024-03-20 11:46:21,622 - INFO - Making POST request to https://www.eatthismuch.com/api/v1//nutritionprofile/?HTTP_BACKEND_VERSION=15 with body: {'cholesterol': 300, 'fiber': 25, 'macro_scheme': 'grams', 'percent_carbs': 40, 'percent_fats': 30, 'percent_proteins': 30, 'sodium': 2400, 'title': 'valid_daily_intake', 'calories': 2200, 'min_carbs': 220, 'min_fats': 66, 'min_proteins': 107, 'max_carbs': 250, 'max_fats': 90, 'max_proteins': 200, 'capped_min_calories': False}
2024-03-20 11:46:22,495 - INFO - Received response: 201
2024-03-20 11:46:24,496 - INFO - Making POST request to https://www.eatthismuch.com/api/v1/diet/137887039/?HTTP_BACKEND_VERSION=15 with body: {'nutrition_profile': '/api/v1/nutritionprofile/6173373/'}
2024-03-20 11:46:25,097 - INFO - Received response: 202
2024-03-20 11:48:17,284 - INFO - Making POST request to https://www.eatthismuch.com/api/v1//nutritionprofile/?HTTP_BACKEND_VERSION=15 with body: {'cholesterol': 300, 'fiber': 25, 'macro_scheme': 'grams', 'percent_carbs': 40, 'percent_fats': 30, 'percent_proteins': 30, 'sodium': 2400, 'title': 'valid_daily_intake', 'calories': 2200, 'min_carbs': 220, 'min_fats': 66, 'min_proteins': 107, 'max_carbs': 250, 'max_fats': 90, 'max_proteins': 200, 'capped_min_calories': False}
2024-03-20 11:48:17,895 - INFO - Received response: 201
2024-03-20 11:48:19,896 - INFO - Making POST request to https://www.eatthismuch.com/api/v1/diet/137887039/?HTTP_BACKEND_VERSION=15 with body: {'nutrition_profile': '/api/v1/nutritionprofile/6173374/'}
2024-03-20 11:48:20,801 - INFO - Received response: 202
2024-03-20 11:48:22,409 - INFO - Making POST request to https://www.eatthismuch.com/api/v1//nutritionprofile{'data': {'calories': 2200.0, 'capped_min_calories': False, 'cholesterol': 300.0, 'date_made': '2024-03-20T02:48:18.205762', 'deleted': False, 'description': None, 'fiber': 25.0, 'id': 6173374, 'macro_scheme': 'grams', 'max_carbs': 250.0, 'max_fats': 90.0, 'max_proteins': 200.0, 'min_carbs': 220.0, 'min_fats': 66.0, 'min_proteins': 107.0, 'percent_carbs': 40.0, 'percent_fats': 30.0, 'percent_proteins': 30.0, 'resource_uri': '/api/v1/nutritionprofile/6173374/', 'sodium': 2400.0, 'title': 'valid_daily_intake', 'user_id': 5778606, 'watch_cholesterol': False, 'watch_sodium': False}, 'errors': None, 'meta': {}, 'success': True, 'warnings': {}}/?HTTP_BACKEND_VERSION=15 with body: None
2024-03-20 11:48:23,446 - INFO - Received response: 404
2024-03-20 11:50:08,828 - INFO - Making POST request to https://www.eatthismuch.com/api/v1//nutritionprofile/?HTTP_BACKEND_VERSION=15 with body: {'cholesterol': 300, 'fiber': 25, 'macro_scheme': 'grams', 'percent_carbs': 40, 'percent_fats': 30, 'percent_proteins': 30, 'sodium': 2400, 'title': 'valid_daily_intake', 'calories': 2200, 'min_carbs': 220, 'min_fats': 66, 'min_proteins': 107, 'max_carbs': 250, 'max_fats': 90, 'max_proteins': 200, 'capped_min_calories': False}
2024-03-20 11:50:09,697 - INFO - Received response: 201
2024-03-20 11:50:11,698 - INFO - Making POST request to https://www.eatthismuch.com/api/v1/diet/137887039/?HTTP_BACKEND_VERSION=15 with body: {'nutrition_profile': '/api/v1/nutritionprofile/6173376/'}
2024-03-20 11:50:12,304 - INFO - Received response: 202
2024-03-20 11:50:13,952 - INFO - Making POST request to https://www.eatthismuch.com/api/v1//nutritionprofile{'data': {'calories': 2200.0, 'capped_min_calories': False, 'cholesterol': 300.0, 'date_made': '2024-03-20T02:50:10.018690', 'deleted': False, 'description': None, 'fiber': 25.0, 'id': 6173376, 'macro_scheme': 'grams', 'max_carbs': 250.0, 'max_fats': 90.0, 'max_proteins': 200.0, 'min_carbs': 220.0, 'min_fats': 66.0, 'min_proteins': 107.0, 'percent_carbs': 40.0, 'percent_fats': 30.0, 'percent_proteins': 30.0, 'resource_uri': '/api/v1/nutritionprofile/6173376/', 'sodium': 2400.0, 'title': 'valid_daily_intake', 'user_id': 5778606, 'watch_cholesterol': False, 'watch_sodium': False}, 'errors': None, 'meta': {}, 'success': True, 'warnings': {}}/?HTTP_BACKEND_VERSION=15 with body: None
2024-03-20 11:50:14,708 - INFO - Received response: 404
2024-03-20 11:55:32,744 - INFO - Making POST request to https://www.eatthismuch.com/api/v1//nutritionprofile/?HTTP_BACKEND_VERSION=15 with body: {'cholesterol': 300, 'fiber': 25, 'macro_scheme': 'grams', 'percent_carbs': 40, 'percent_fats': 30, 'percent_proteins': 30, 'sodium': 2400, 'title': 'valid_daily_intake', 'calories': 2200, 'min_carbs': 220, 'min_fats': 66, 'min_proteins': 107, 'max_carbs': 250, 'max_fats': 90, 'max_proteins': 200, 'capped_min_calories': False}
2024-03-20 11:55:33,361 - INFO - Received response: 201
2024-03-20 11:55:35,362 - INFO - Making POST request to https://www.eatthismuch.com/api/v1/diet/137887039/?HTTP_BACKEND_VERSION=15 with body: {'nutrition_profile': '/api/v1/nutritionprofile/6173386/'}
2024-03-20 11:55:36,254 - INFO - Received response: 202
2024-03-20 12:05:32,042 - INFO - Making POST request to https://www.eatthismuch.com/api/v1/nutritionprofile/?HTTP_BACKEND_VERSION=15 with body: {'cholesterol': 300, 'fiber': 25, 'macro_scheme': 'grams', 'percent_carbs': 40, 'percent_fats': 30, 'percent_proteins': 30, 'sodium': 2400, 'title': 'valid_daily_intake', 'calories': 2200, 'min_carbs': 220, 'min_fats': 66, 'min_proteins': 107, 'max_carbs': 250, 'max_fats': 90, 'max_proteins': 200, 'capped_min_calories': False}
2024-03-20 12:05:32,928 - INFO - Received response: 201
2024-03-20 12:05:34,928 - INFO - Making POST request to https://www.eatthismuch.com/api/v1/diet/137887039/?HTTP_BACKEND_VERSION=15 with body: {'nutrition_profile': '/api/v1/nutritionprofile/6173396/'}
2024-03-20 12:05:35,551 - INFO - Received response: 202
2024-03-20 12:09:17,645 - INFO - Making POST request to https://www.eatthismuch.com/api/v1/nutritionprofile/?HTTP_BACKEND_VERSION=15 with body: {'cholesterol': 300, 'fiber': 25, 'macro_scheme': 'grams', 'percent_carbs': 40, 'percent_fats': 30, 'percent_proteins': 30, 'sodium': 2400, 'title': 'valid_daily_intake', 'calories': 2200, 'min_carbs': 220, 'min_fats': 66, 'min_proteins': 107, 'max_carbs': 250, 'max_fats': 90, 'max_proteins': 200, 'capped_min_calories': False}
2024-03-20 12:09:18,578 - INFO - Received response: 201
2024-03-20 12:09:20,579 - INFO - Making POST request to https://www.eatthismuch.com/api/v1/diet/137887039/?HTTP_BACKEND_VERSION=15 with body: {'nutrition_profile': '/api/v1/nutritionprofile/6173398/'}
2024-03-20 12:09:21,217 - INFO - Received response: 202
2024-03-20 12:11:10,945 - INFO - Making POST request to https://www.eatthismuch.com/api/v1/nutritionprofile/?HTTP_BACKEND_VERSION=15 with body: {'cholesterol': 300, 'fiber': 25, 'macro_scheme': 'grams', 'percent_carbs': 40, 'percent_fats': 30, 'percent_proteins': 30, 'sodium': 2400, 'title': 'valid_daily_intake', 'calories': 2200, 'min_carbs': 220, 'min_fats': 66, 'min_proteins': 107, 'max_carbs': 250, 'max_fats': 90, 'max_proteins': 200, 'capped_min_calories': False}
2024-03-20 12:11:11,524 - INFO - Received response: 200
2024-03-20 12:11:47,265 - INFO - Making POST request to https://www.eatthismuch.com/api/v1/nutritionprofile/?HTTP_BACKEND_VERSION=15 with body: {'cholesterol': 300, 'fiber': 25, 'macro_scheme': 'grams', 'percent_carbs': 40, 'percent_fats': 30, 'percent_proteins': 30, 'sodium': 2400, 'title': 'valid_daily_intake', 'calories': 2200, 'min_carbs': 220, 'min_fats': 66, 'min_proteins': 107, 'max_carbs': 250, 'max_fats': 90, 'max_proteins': 200, 'capped_min_calories': False}
2024-03-20 12:11:47,875 - INFO - Received response: 201
2024-03-20 12:11:49,876 - INFO - Making POST request to https://www.eatthismuch.com/api/v1/diet/137887039/?HTTP_BACKEND_VERSION=15 with body: {'nutrition_profile': '/api/v1/nutritionprofile/6173399/'}
2024-03-20 12:11:50,510 - INFO - Received response: 202
2024-03-20 12:13:36,517 - INFO - Making POST request to https://www.eatthismuch.com/api/v1/nutritionprofile/?HTTP_BACKEND_VERSION=15 with body: {'cholesterol': 300, 'fiber': 25, 'macro_scheme': 'grams', 'percent_carbs': 40, 'percent_fats': 30, 'percent_proteins': 30, 'sodium': 2400, 'title': 'valid_daily_intake', 'calories': 2200, 'min_carbs': 220, 'min_fats': 66, 'min_proteins': 107, 'max_carbs': 250, 'max_fats': 90, 'max_proteins': 200, 'capped_min_calories': False}
2024-03-20 12:13:37,106 - INFO - Received response: 201
2024-03-20 12:13:39,106 - INFO - Making POST request to https://www.eatthismuch.com/api/v1/diet/137887039/?HTTP_BACKEND_VERSION=15 with body: {'nutrition_profile': '/api/v1/nutritionprofile/6173401/'}
2024-03-20 12:13:40,001 - INFO - Received response: 202
2024-03-20 12:15:29,636 - INFO - Making POST request to https://www.eatthismuch.com/api/v1/nutritionprofile/?HTTP_BACKEND_VERSION=15 with body: {'cholesterol': 300, 'fiber': 25, 'macro_scheme': 'grams', 'percent_carbs': 40, 'percent_fats': 30, 'percent_proteins': 30, 'sodium': 2400, 'title': 'valid_daily_intake', 'calories': 2200, 'min_carbs': 220, 'min_fats': 66, 'min_proteins': 107, 'max_carbs': 250, 'max_fats': 90, 'max_proteins': 200, 'capped_min_calories': False}
2024-03-20 12:15:30,241 - INFO - Received response: 201
2024-03-20 12:15:32,241 - INFO - Making PATCH request to https://www.eatthismuch.com/api/v1/diet/137887039/?HTTP_BACKEND_VERSION=15 with body: {'nutrition_profile': '/api/v1/nutritionprofile/6173404/'}
2024-03-20 12:15:32,862 - INFO - Received response: 202
2024-03-20 12:15:37,738 - INFO - Making DELETE request to https://www.eatthismuch.com/api/v1/nutritionprofile{'data': {'calories': 2200.0, 'capped_min_calories': False, 'cholesterol': 300.0, 'date_made': '2024-03-20T03:15:30.568657', 'deleted': False, 'description': None, 'fiber': 25.0, 'id': 6173404, 'macro_scheme': 'grams', 'max_carbs': 250.0, 'max_fats': 90.0, 'max_proteins': 200.0, 'min_carbs': 220.0, 'min_fats': 66.0, 'min_proteins': 107.0, 'percent_carbs': 40.0, 'percent_fats': 30.0, 'percent_proteins': 30.0, 'resource_uri': '/api/v1/nutritionprofile/6173404/', 'sodium': 2400.0, 'title': 'valid_daily_intake', 'user_id': 5778606, 'watch_cholesterol': False, 'watch_sodium': False}, 'errors': None, 'meta': {}, 'success': True, 'warnings': {}}/?HTTP_BACKEND_VERSION=15
2024-03-20 12:15:38,770 - INFO - Received response: 404
2024-03-20 12:18:11,475 - INFO - Making POST request to https://www.eatthismuch.com/api/v1/nutritionprofile/?HTTP_BACKEND_VERSION=15 with body: {'cholesterol': 300, 'fiber': 25, 'macro_scheme': 'grams', 'percent_carbs': 40, 'percent_fats': 30, 'percent_proteins': 30, 'sodium': 2400, 'title': 'valid_daily_intake', 'calories': 2200, 'min_carbs': 220, 'min_fats': 66, 'min_proteins': 107, 'max_carbs': 250, 'max_fats': 90, 'max_proteins': 200, 'capped_min_calories': False}
2024-03-20 12:18:12,129 - INFO - Received response: 201
2024-03-20 12:18:14,130 - INFO - Making PATCH request to https://www.eatthismuch.com/api/v1/diet/137887039/?HTTP_BACKEND_VERSION=15 with body: {'nutrition_profile': '/api/v1/nutritionprofile/6173407/'}
2024-03-20 12:18:14,765 - INFO - Received response: 202
2024-03-20 12:19:12,082 - INFO - Making POST request to https://www.eatthismuch.com/api/v1/nutritionprofile/?HTTP_BACKEND_VERSION=15 with body: {'cholesterol': 300, 'fiber': 25, 'macro_scheme': 'grams', 'percent_carbs': 40, 'percent_fats': 30, 'percent_proteins': 30, 'sodium': 2400, 'title': 'valid_daily_intake', 'calories': 2200, 'min_carbs': 220, 'min_fats': 66, 'min_proteins': 107, 'max_carbs': 250, 'max_fats': 90, 'max_proteins': 200, 'capped_min_calories': False}
2024-03-20 12:19:12,692 - INFO - Received response: 201
2024-03-20 12:19:14,692 - INFO - Making PATCH request to https://www.eatthismuch.com/api/v1/diet/137887039/?HTTP_BACKEND_VERSION=15 with body: {'nutrition_profile': '/api/v1/nutritionprofile/6173410/'}
2024-03-20 12:19:15,348 - INFO - Received response: 202
2024-03-20 12:20:16,672 - INFO - Making POST request to https://www.eatthismuch.com/api/v1/nutritionprofile/?HTTP_BACKEND_VERSION=15 with body: {'cholesterol': 300, 'fiber': 25, 'macro_scheme': 'grams', 'percent_carbs': 40, 'percent_fats': 30, 'percent_proteins': 30, 'sodium': 2400, 'title': 'valid_daily_intake', 'calories': 2200, 'min_carbs': 220, 'min_fats': 66, 'min_proteins': 107, 'max_carbs': 250, 'max_fats': 90, 'max_proteins': 200, 'capped_min_calories': False}
2024-03-20 12:20:17,228 - INFO - Received response: 200
2024-03-20 12:21:06,906 - INFO - Making POST request to https://www.eatthismuch.com/api/v1/nutritionprofile/?HTTP_BACKEND_VERSION=15 with body: {'cholesterol': 300, 'fiber': 25, 'macro_scheme': 'grams', 'percent_carbs': 40, 'percent_fats': 30, 'percent_proteins': 30, 'sodium': 2400, 'title': 'valid_daily_intake', 'calories': 2200, 'min_carbs': 220, 'min_fats': 66, 'min_proteins': 107, 'max_carbs': 250, 'max_fats': 90, 'max_proteins': 200, 'capped_min_calories': False}
2024-03-20 12:21:07,772 - INFO - Received response: 201
2024-03-20 12:21:07,773 - INFO - Making PATCH request to https://www.eatthismuch.com/api/v1/diet/137887039/?HTTP_BACKEND_VERSION=15 with body: {'nutrition_profile': '/api/v1/nutritionprofile/6173413/'}
2024-03-20 12:21:08,353 - INFO - Received response: 202
2024-03-20 12:24:01,577 - INFO - Making POST request to https://www.eatthismuch.com/api/v1/nutritionprofile/?HTTP_BACKEND_VERSION=15 with body: {'cholesterol': 300, 'fiber': 25, 'macro_scheme': 'grams', 'percent_carbs': 40, 'percent_fats': 30, 'percent_proteins': 30, 'sodium': 2400, 'title': 'valid_daily_intake', 'calories': 2200, 'min_carbs': 220, 'min_fats': 66, 'min_proteins': 107, 'max_carbs': 250, 'max_fats': 90, 'max_proteins': 200, 'capped_min_calories': False}
2024-03-20 12:24:02,457 - INFO - Received response: 201
2024-03-20 12:24:02,457 - INFO - Making PATCH request to https://www.eatthismuch.com/api/v1/diet/137887039/?HTTP_BACKEND_VERSION=15 with body: {'nutrition_profile': '/api/v1/nutritionprofile/6173414/'}
2024-03-20 12:24:03,097 - INFO - Received response: 202
2024-03-20 12:24:07,291 - INFO - Making DELETE request to https://www.eatthismuch.com/api/v1/nutritionprofile6173414/?HTTP_BACKEND_VERSION=15
2024-03-20 12:24:08,336 - INFO - Received response: 404
2024-03-20 12:28:23,351 - INFO - Making POST request to https://www.eatthismuch.com/api/v1/nutritionprofile/?HTTP_BACKEND_VERSION=15 with body: {'cholesterol': 300, 'fiber': 25, 'macro_scheme': 'grams', 'percent_carbs': 40, 'percent_fats': 30, 'percent_proteins': 30, 'sodium': 2400, 'title': 'valid_daily_intake', 'calories': 2200, 'min_carbs': 220, 'min_fats': 66, 'min_proteins': 107, 'max_carbs': 250, 'max_fats': 90, 'max_proteins': 200, 'capped_min_calories': False}
2024-03-20 12:28:23,968 - INFO - Received response: 201
2024-03-20 12:28:23,968 - INFO - Making PATCH request to https://www.eatthismuch.com/api/v1/diet/137887039/?HTTP_BACKEND_VERSION=15 with body: {'nutrition_profile': '/api/v1/nutritionprofile/6173419/'}
2024-03-20 12:28:24,579 - INFO - Received response: 202
2024-03-20 12:28:28,274 - INFO - Making DELETE request to https://www.eatthismuch.com/api/v1/nutritionprofile/6173419/?HTTP_BACKEND_VERSION=15
2024-03-20 12:28:28,846 - INFO - Received response: 204
